
<!DOCTYPE html>
<html>


<head>
	<meta charset='UTF-8' /> 
	<meta name='description' content='' />
	<meta name='robots' content='noodp, noydir' />
	<meta name='viewport' content='width=device-width, initial-scale=1' />
	<meta id="timeStampFormat" name="timeStampFormat" content='MMM d, yyyy hh:mm:ss a'/>
	
	<link href='https://fonts.googleapis.com/css?family=Source+Sans+Pro:400,600' rel='stylesheet' type='text/css'>
	<link href="https://fonts.googleapis.com/icon?family=Material+Icons" rel="stylesheet">

		<link href='https://cdn.rawgit.com/anshooarora/extentreports-java/b4a58fcfd1e137bd9287244035a7c80d3d73b3af/dist/css/extent.css' type='text/css' rel='stylesheet' />
	
	<title>W2A Automation Reports</title>

	<style type='text/css'>
			
            
                
            
        
	</style>
</head>

	<body class='extent standard default hide-overflow bdd-report'>
		<div id='theme-selector' alt='Click to toggle theme. To enable by default, use theme configuration.' title='Click to toggle theme. To enable by default, use theme configuration.'>
			<span><i class='material-icons'>desktop_windows</i></span>
		</div>

<nav>
	<div class="nav-wrapper">
		<a href="#!" class="brand-logo blue darken-3">Extent</a>

		<!-- slideout menu -->
		<ul id='slide-out' class='side-nav fixed hide-on-med-and-down'>
			<li class='waves-effect active'><a href='#!' view='test-view' onclick="configureView(0);chartsView('test');"><i class='material-icons'>dashboard</i></a></li>
						<li class='waves-effect'><a href='#!' view='exception-view' onclick="configureView(2)"><i class='material-icons'>bug_report</i></a></li>
			<li class='waves-effect'><a href='#!' onclick="configureView(-1);chartsView('dashboard');" view='dashboard-view'><i class='material-icons'>track_changes</i></i></a></li>
		</ul>

		<!-- report name -->
		<span class='report-name'>Automation Report for</span>
		
		<!-- report headline -->
		<span class='report-headline'></span>

		<!-- nav-right -->
		<ul id='nav-mobile' class='right hide-on-med-and-down nav-right'>
			<li>
                <a href='#!'>
                    <span class='label suite-start-time blue darken-3'>Jul 7, 2019 03:31:22 PM</span>
				</a>
			</li>
			<li>
                <a href='#!'>
                    <span class='label blue darken-3'>3.1.2</span>
				</a>
			</li>
		</ul>
	</div>
</nav>

		<!-- container -->
		<div class='container'>

<div id='test-view' class='view'>
				
	<section id='controls'>
		<div class='controls grey lighten-4'>
			<!-- test toggle -->
			<div class='chip transparent'>
				<a class='dropdown-button tests-toggle' data-activates='tests-toggle' data-constrainwidth='true' data-beloworigin='true' data-hover='true' href='#'>
					<i class='material-icons'>warning</i> Status
				</a>
				<ul id='tests-toggle' class='dropdown-content'>
											<li status='pass'><a href='#!'>Pass <i class='material-icons green-text'>check_circle</i></a></li>
						<li status='fail'><a href='#!'>Fail <i class='material-icons red-text'>cancel</i></a></li>
						<li status='skip'><a href='#!'>Skip <i class='material-icons cyan-text'>redo</i></a></li>
					<li class='divider'></li>
					<li status='clear' clear='true'><a href='#!'>Clear Filters <i class='material-icons'>clear</i></a></li>
				</ul>
			</div>
			<!-- test toggle -->

			<!-- category toggle -->
			<!-- category toggle -->

			<!-- clear filters -->
			<div class='chip transparent hide'>
				<a class='' id='clear-filters' alt='Clear Filters' title='Clear Filters'>
					<i class='material-icons'>close</i> Clear
				</a>
			</div>
			<!-- clear filters -->

			<!-- enable dashboard -->
			<div id='toggle-test-view-charts' class='chip transparent'>
				<a class='pink-text' id='enable-dashboard' alt='Enable Dashboard' title='Enable Dashboard'>
					<i class='material-icons'>track_changes</i> Dashboard
				</a>
			</div>
			<!-- enable dashboard -->

			<!-- search -->
			<div class='chip transparent' alt='Search Tests' title='Search Tests'>
				<a href="#" class='search-div'>
					<i class='material-icons'>search</i> Search
				</a>

				<div class='input-field left hide'>
					<input id='search-tests' type='text' class='validate browser-default' placeholder='Search Tests...'>
				</div>
				
			</div>
			<!-- search -->
		</div>
	</section>


<div id='test-view-charts' class='subview-full'>
	<div id='charts-row' class='row nm-v nm-h'>
		<div class='col s12 m4 l4 np-h'>
			<div class='card-panel nm-v'>
				<div class='left panel-name'>Features</div>
				<div class='chart-box'>
					<canvas id='parent-analysis' width='100' height='80'></canvas>
				</div>
				<div class='block text-small'>
					<span class='tooltipped' data-position='top' data-tooltip='0%'><span class='strong'>0</span> feature(s) passed</span>
				</div>
				<div class='block text-small'>
					<span class='strong tooltipped' data-position='top' data-tooltip='100%'>1</span> feature(s) failed, <span class='strong tooltipped' data-position='top' data-tooltip='0%'>0</span> others
				</div>
			</div>
		</div>
		
		<div class='col s12 m4 l4 np-h'>
			<div class='card-panel nm-v'>
				<div class='left panel-name'>Scenarios</div>
				<div class='chart-box'>
					<canvas id='child-analysis' width='100' height='80'></canvas>
				</div>
				<div class='block text-small'>
					<span class='tooltipped' data-position='top' data-tooltip='20%'><span class='strong'>1</span> scenario(s) passed</span>
				</div>
				<div class='block text-small'>
					<span class='strong tooltipped' data-position='top' data-tooltip='80%'>4</span> scenario(s) failed, <span class='strong tooltipped' data-position='top' data-tooltip='0%'>0</span> others
				</div>
			</div>
		</div>
		
		<div class='col s12 m4 l4 np-h'>
			<div class='card-panel nm-v'>
				<div class='left panel-name'>Steps</div>
				<div class='chart-box'>
					<canvas id='grandchild-analysis' width='100' height='80'></canvas>
				</div>
				<div class='block text-small'>
					<span class='tooltipped' data-position='top' data-tooltip='87.179%'><span class='strong'>34</span> step(s) passed</span>
				</div>
				<div class='block text-small'>
					<span class='strong tooltipped' data-position='top' data-tooltip='10.256%'>4</span> step(s) failed, <span class='strong tooltipped' data-position='top' data-tooltip='2.564%'>1</span> others
				</div>
			</div>
		</div>
	</div>
</div>

	<div class='subview-left left'>
		
		<div class='view-summary'>
			<h5>Features</h5>
			<ul id='test-collection' class='test-collection'>
				
				
				<li class='test displayed active has-leaf fail' status='fail' bdd='true' test-id='1'>
					<div class='test-heading'>
						<span class='test-name'>New user registration functionality tests</span>
						<span class='test-time'>Jul 7, 2019 03:31:22 PM</span>
						<span class='test-status right fail'>fail</span>
					</div>
					<div class='test-content hide'>
<div class='scenario node' test-id='2' status='fail'>
	<span class='duration right label'>0h 0m 26s+877ms</span>
	<div class='desc'>
		<b>Scenario</b>
		<span class="desc-text">User successfully registers to check24 web page</span>
	</div>
	<ul class='steps'>
		<li test-id='3' class='node given pass' status='pass'>
			
			<b>Given</b>
			
			<span class="bdd-step-name">Given User opens Check24 WebPage</span>
				<div class='pre'>passed</div>
			
		</li>
		<li test-id='4' class='node when pass' status='pass'>
			
			<b>When</b>
			
			<span class="bdd-step-name">When User navigates to registration page</span>
				<div class='pre'>passed</div>
			
		</li>
		<li test-id='5' class='node then pass' status='pass'>
			
			<b>Then</b>
			
			<span class="bdd-step-name">Then User can see email area</span>
				<div class='pre'>passed</div>
			
		</li>
		<li test-id='6' class='node given pass' status='pass'>
			
			<b>Given</b>
			
			<span class="bdd-step-name">Given User is on registiration page</span>
				<div class='pre'>passed</div>
			
		</li>
		<li test-id='7' class='node and pass' status='pass'>
			
			<b>And</b>
			
			<span class="bdd-step-name">And User enters Email as "myo22@gmail.com"</span>
				<div class='pre'>passed</div>
			
		</li>
		<li test-id='8' class='node and pass' status='pass'>
			
			<b>And</b>
			
			<span class="bdd-step-name">And User enters Password as "9876Strong!"</span>
				<div class='pre'>passed</div>
			
		</li>
		<li test-id='9' class='node and pass' status='pass'>
			
			<b>And</b>
			
			<span class="bdd-step-name">And User enters Repeating Password as "9876Strong!"</span>
				<div class='pre'>passed</div>
			
		</li>
		<li test-id='10' class='node and pass' status='pass'>
			
			<b>And</b>
			
			<span class="bdd-step-name">And User clicks on the submit button</span>
				<div class='pre'>passed</div>
			
		</li>
		<li test-id='11' class='node then fail' status='fail'>
			
			<b>Then</b>
			
			<span class="bdd-step-name">Then User should close popup message</span>
				<div class='pre'><pre>java.lang.AssertionError: Unable to Action Move and Click on the WebElement, Exception: Expected condition failed: waiting for element to be clickable: Proxy element for: DefaultElementLocator 'By.xpath: //*[@id="c24-dialog-points-modal"]/div/header/button' (tried for 15 second(s) with 500 milliseconds interval)
	at org.junit.Assert.fail(Assert.java:88)
	at pageObjects.BasePage.actionMoveAndClick(BasePage.java:148)
	at pageObjects.Home_Page.close_welcome_popup(Home_Page.java:31)
	at stepDefinitions.New_RegistrationSteps.user_should_close_popup_message(New_RegistrationSteps.java:47)
	at ?.Then User should close popup message(src/test/java/resources/features/new_registiration.feature:22)
</pre></div>
			
		</li>
		<li test-id='12' class='node and skip' status='skip'>
			
			<b>And</b>
			
			<span class="bdd-step-name">And User should land on home page</span>
				<div class='pre'>skipped</div>
				<div class='pre'>Taking a screenshot!</div>
				<div class='pre'><br></div>
				<div class='pre'><a target="_blank", href=C:\Users\musta\eclipse-workspace\ty\WebdriverUniversity\CucumberFramework\output\imgs\Sun_Jul_07_15_31_49_EET_2019.jpg><img src=C:\Users\musta\eclipse-workspace\ty\WebdriverUniversity\CucumberFramework\output\imgs\Sun_Jul_07_15_31_49_EET_2019.jpg height=200 width=300></img></a></div>
			
		</li>
	</ul>
</div>
<div class='scenario node' test-id='13' status='fail'>
	<span class='duration right label'>0h 0m 10s+501ms</span>
	<div class='desc'>
		<b>Scenario</b>
		<span class="desc-text">Invalid Registration when entering very short password</span>
	</div>
	<ul class='steps'>
		<li test-id='14' class='node given pass' status='pass'>
			
			<b>Given</b>
			
			<span class="bdd-step-name">Given User opens Check24 WebPage</span>
				<div class='pre'>passed</div>
			
		</li>
		<li test-id='15' class='node when pass' status='pass'>
			
			<b>When</b>
			
			<span class="bdd-step-name">When User navigates to registration page</span>
				<div class='pre'>passed</div>
			
		</li>
		<li test-id='16' class='node then pass' status='pass'>
			
			<b>Then</b>
			
			<span class="bdd-step-name">Then User can see email area</span>
				<div class='pre'>passed</div>
			
		</li>
		<li test-id='17' class='node given pass' status='pass'>
			
			<b>Given</b>
			
			<span class="bdd-step-name">Given User is on registiration page</span>
				<div class='pre'>passed</div>
			
		</li>
		<li test-id='18' class='node and pass' status='pass'>
			
			<b>And</b>
			
			<span class="bdd-step-name">And User enters randomly generated email and following details for registration</span>
				<div class='pre'><table><tr><td>password</td><td>repeatpassword</td></tr><tr><td>12</td><td>12</td></tr></table></div>
				<div class='pre'>passed</div>
			
		</li>
		<li test-id='19' class='node when pass' status='pass'>
			
			<b>When</b>
			
			<span class="bdd-step-name">When User clicks on the submit button</span>
				<div class='pre'>passed</div>
			
		</li>
		<li test-id='20' class='node then fail' status='fail'>
			
			<b>Then</b>
			
			<span class="bdd-step-name">Then User should be notified with "Das Passwort sollte zwischen 6 und 50 Zeichen lang sein." on password error</span>
				<div class='pre'><textarea>java.lang.AssertionError: expected [[[ChromeDriver: chrome on XP (cd6da092d1ec2c90ded4780c24d8db97)] -> xpath: //*[@id="register"]/div[3]/div[3]/div[1]]] but found [Das Passwort sollte zwischen 6 und 50 Zeichen lang sein.]
	at org.testng.Assert.fail(Assert.java:94)
	at org.testng.Assert.failNotEquals(Assert.java:513)
	at org.testng.Assert.assertEqualsImpl(Assert.java:135)
	at org.testng.Assert.assertEquals(Assert.java:116)
	at org.testng.Assert.assertEquals(Assert.java:179)
	at stepDefinitions.New_RegistrationSteps.user_should_be_notified_with_something_on_password_error(New_RegistrationSteps.java:83)
	at ?.Then User should be notified with "Das Passwort sollte zwischen 6 und 50 Zeichen lang sein." on password error(src/test/java/resources/features/new_registiration.feature:35)
</textarea></div>
				<div class='pre'>Taking a screenshot!</div>
				<div class='pre'><br></div>
				<div class='pre'><a target="_blank", href=C:\Users\musta\eclipse-workspace\ty\WebdriverUniversity\CucumberFramework\output\imgs\Sun_Jul_07_15_32_00_EET_2019.jpg><img src=C:\Users\musta\eclipse-workspace\ty\WebdriverUniversity\CucumberFramework\output\imgs\Sun_Jul_07_15_32_00_EET_2019.jpg height=200 width=300></img></a></div>
			
		</li>
	</ul>
</div>
<div class='scenario node' test-id='21' status='fail'>
	<span class='duration right label'>0h 0m 10s+903ms</span>
	<div class='desc'>
		<b>Scenario</b>
		<span class="desc-text">Invalid Registration when password and repeating password do not match</span>
	</div>
	<ul class='steps'>
		<li test-id='22' class='node given pass' status='pass'>
			
			<b>Given</b>
			
			<span class="bdd-step-name">Given User opens Check24 WebPage</span>
				<div class='pre'>passed</div>
			
		</li>
		<li test-id='23' class='node when pass' status='pass'>
			
			<b>When</b>
			
			<span class="bdd-step-name">When User navigates to registration page</span>
				<div class='pre'>passed</div>
			
		</li>
		<li test-id='24' class='node then pass' status='pass'>
			
			<b>Then</b>
			
			<span class="bdd-step-name">Then User can see email area</span>
				<div class='pre'>passed</div>
			
		</li>
		<li test-id='25' class='node given pass' status='pass'>
			
			<b>Given</b>
			
			<span class="bdd-step-name">Given User is on registiration page</span>
				<div class='pre'>passed</div>
			
		</li>
		<li test-id='26' class='node and pass' status='pass'>
			
			<b>And</b>
			
			<span class="bdd-step-name">And User enters randomly generated email and following details for registration</span>
				<div class='pre'><table><tr><td>password</td><td>repeatpassword</td></tr><tr><td>1234pwd</td><td>pwd345</td></tr></table></div>
				<div class='pre'>passed</div>
			
		</li>
		<li test-id='27' class='node when pass' status='pass'>
			
			<b>When</b>
			
			<span class="bdd-step-name">When User clicks on the submit button</span>
				<div class='pre'>passed</div>
			
		</li>
		<li test-id='28' class='node then fail' status='fail'>
			
			<b>Then</b>
			
			<span class="bdd-step-name">Then User should be notified with "Die Passwörter stimmen nicht überein." on password error</span>
				<div class='pre'><textarea>java.lang.AssertionError: expected [[[ChromeDriver: chrome on XP (e2cb120ee2674ff10eb2c486589f4cac)] -> xpath: //*[@id="register"]/div[3]/div[3]/div[1]]] but found [Die Passwörter stimmen nicht überein.]
	at org.testng.Assert.fail(Assert.java:94)
	at org.testng.Assert.failNotEquals(Assert.java:513)
	at org.testng.Assert.assertEqualsImpl(Assert.java:135)
	at org.testng.Assert.assertEquals(Assert.java:116)
	at org.testng.Assert.assertEquals(Assert.java:179)
	at stepDefinitions.New_RegistrationSteps.user_should_be_notified_with_something_on_password_error(New_RegistrationSteps.java:83)
	at ?.Then User should be notified with "Die Passwörter stimmen nicht überein." on password error(src/test/java/resources/features/new_registiration.feature:44)
</textarea></div>
				<div class='pre'>Taking a screenshot!</div>
				<div class='pre'><br></div>
				<div class='pre'><a target="_blank", href=C:\Users\musta\eclipse-workspace\ty\WebdriverUniversity\CucumberFramework\output\imgs\Sun_Jul_07_15_32_11_EET_2019.jpg><img src=C:\Users\musta\eclipse-workspace\ty\WebdriverUniversity\CucumberFramework\output\imgs\Sun_Jul_07_15_32_11_EET_2019.jpg height=200 width=300></img></a></div>
			
		</li>
	</ul>
</div>
<div class='scenario node' test-id='29' status='fail'>
	<span class='duration right label'>0h 0m 10s+486ms</span>
	<div class='desc'>
		<b>Scenario</b>
		<span class="desc-text">Invalid Registration when trying to use an invalid e-mail format</span>
	</div>
	<ul class='steps'>
		<li test-id='30' class='node given pass' status='pass'>
			
			<b>Given</b>
			
			<span class="bdd-step-name">Given User opens Check24 WebPage</span>
				<div class='pre'>passed</div>
			
		</li>
		<li test-id='31' class='node when pass' status='pass'>
			
			<b>When</b>
			
			<span class="bdd-step-name">When User navigates to registration page</span>
				<div class='pre'>passed</div>
			
		</li>
		<li test-id='32' class='node then pass' status='pass'>
			
			<b>Then</b>
			
			<span class="bdd-step-name">Then User can see email area</span>
				<div class='pre'>passed</div>
			
		</li>
		<li test-id='33' class='node given pass' status='pass'>
			
			<b>Given</b>
			
			<span class="bdd-step-name">Given User is on registiration page</span>
				<div class='pre'>passed</div>
			
		</li>
		<li test-id='34' class='node and pass' status='pass'>
			
			<b>And</b>
			
			<span class="bdd-step-name">And User enters following details for registration</span>
				<div class='pre'><table><tr><td>email</td><td>password</td><td>repeatpassword</td></tr><tr><td>noatsignail3.com</td><td>1234pwd</td><td>1234pwd</td></tr></table></div>
				<div class='pre'>passed</div>
			
		</li>
		<li test-id='35' class='node when pass' status='pass'>
			
			<b>When</b>
			
			<span class="bdd-step-name">When User clicks on the submit button</span>
				<div class='pre'>passed</div>
			
		</li>
		<li test-id='36' class='node then fail' status='fail'>
			
			<b>Then</b>
			
			<span class="bdd-step-name">Then User should be notified with "Bitte geben Sie eine gültige E-Mail-Adresse an." on email error</span>
				<div class='pre'><pre>org.openqa.selenium.NoSuchElementException: no such element: Unable to locate element: {"method":"xpath","selector":"//*[@id="register"]/div[2]/div[3]/div"}
  (Session info: chrome=75.0.3770.100)
For documentation on this error, please visit: http://seleniumhq.org/exceptions/no_such_element.html
Build info: version: '3.11.0', revision: 'e59cfb3', time: '2018-03-11T20:26:55.152Z'
System info: host: 'DESKTOP-U9KGDGS', ip: '10.254.127.12', os.name: 'Windows 10', os.arch: 'amd64', os.version: '10.0', java.version: '1.8.0_211'
Driver info: org.openqa.selenium.chrome.ChromeDriver
Capabilities {acceptInsecureCerts: false, browserName: chrome, browserVersion: 75.0.3770.100, chrome: {chromedriverVersion: 75.0.3770.8 (681f24ea911fe7..., userDataDir: C:\Users\musta\AppData\Loca...}, goog:chromeOptions: {debuggerAddress: localhost:51525}, javascriptEnabled: true, networkConnectionEnabled: false, pageLoadStrategy: normal, platform: XP, platformName: XP, proxy: Proxy(), setWindowRect: true, strictFileInteractability: false, timeouts: {implicit: 0, pageLoad: 300000, script: 30000}, unhandledPromptBehavior: dismiss and notify}
Session ID: 3bc1149bc6f89e7c109d007a3a508c62
*** Element info: {Using=xpath, value=//*[@id="register"]/div[2]/div[3]/div}
	at sun.reflect.GeneratedConstructorAccessor17.newInstance(Unknown Source)
	at sun.reflect.DelegatingConstructorAccessorImpl.newInstance(Unknown Source)
	at java.lang.reflect.Constructor.newInstance(Unknown Source)
	at org.openqa.selenium.remote.http.W3CHttpResponseCodec.createException(W3CHttpResponseCodec.java:187)
	at org.openqa.selenium.remote.http.W3CHttpResponseCodec.decode(W3CHttpResponseCodec.java:122)
	at org.openqa.selenium.remote.http.W3CHttpResponseCodec.decode(W3CHttpResponseCodec.java:49)
	at org.openqa.selenium.remote.HttpCommandExecutor.execute(HttpCommandExecutor.java:158)
	at org.openqa.selenium.remote.service.DriverCommandExecutor.execute(DriverCommandExecutor.java:83)
	at org.openqa.selenium.remote.RemoteWebDriver.execute(RemoteWebDriver.java:545)
	at org.openqa.selenium.remote.RemoteWebDriver.findElement(RemoteWebDriver.java:319)
	at org.openqa.selenium.remote.RemoteWebDriver.findElementByXPath(RemoteWebDriver.java:421)
	at org.openqa.selenium.By$ByXPath.findElement(By.java:361)
	at org.openqa.selenium.remote.RemoteWebDriver.findElement(RemoteWebDriver.java:311)
	at org.openqa.selenium.support.pagefactory.DefaultElementLocator.findElement(DefaultElementLocator.java:69)
	at org.openqa.selenium.support.pagefactory.internal.LocatingElementHandler.invoke(LocatingElementHandler.java:38)
	at com.sun.proxy.$Proxy23.getText(Unknown Source)
	at stepDefinitions.New_RegistrationSteps.user_should_be_notified_with_something_on_email_error(New_RegistrationSteps.java:78)
	at ?.Then User should be notified with "Bitte geben Sie eine gültige E-Mail-Adresse an." on email error(src/test/java/resources/features/new_registiration.feature:53)
</pre></div>
				<div class='pre'>Taking a screenshot!</div>
				<div class='pre'><br></div>
				<div class='pre'><a target="_blank", href=C:\Users\musta\eclipse-workspace\ty\WebdriverUniversity\CucumberFramework\output\imgs\Sun_Jul_07_15_32_23_EET_2019.jpg><img src=C:\Users\musta\eclipse-workspace\ty\WebdriverUniversity\CucumberFramework\output\imgs\Sun_Jul_07_15_32_23_EET_2019.jpg height=200 width=300></img></a></div>
			
		</li>
	</ul>
</div>
<div class='scenario node' test-id='37' status='pass'>
	<span class='duration right label'>0h 0m 13s+908ms</span>
	<div class='desc'>
		<b>Scenario</b>
		<span class="desc-text">Successfull Registration with  a Randomly generated email address</span>
	</div>
	<ul class='steps'>
		<li test-id='38' class='node given pass' status='pass'>
			
			<b>Given</b>
			
			<span class="bdd-step-name">Given User opens Check24 WebPage</span>
				<div class='pre'>passed</div>
			
		</li>
		<li test-id='39' class='node when pass' status='pass'>
			
			<b>When</b>
			
			<span class="bdd-step-name">When User navigates to registration page</span>
				<div class='pre'>passed</div>
			
		</li>
		<li test-id='40' class='node then pass' status='pass'>
			
			<b>Then</b>
			
			<span class="bdd-step-name">Then User can see email area</span>
				<div class='pre'>passed</div>
			
		</li>
		<li test-id='41' class='node given pass' status='pass'>
			
			<b>Given</b>
			
			<span class="bdd-step-name">Given User is on registiration page</span>
				<div class='pre'>passed</div>
			
		</li>
		<li test-id='42' class='node and pass' status='pass'>
			
			<b>And</b>
			
			<span class="bdd-step-name">And User enters randomly generated email and following details for registration</span>
				<div class='pre'><table><tr><td>password</td><td>repeatpassword</td></tr><tr><td>1234LoveTest</td><td>1234LoveTest</td></tr></table></div>
				<div class='pre'>passed</div>
			
		</li>
		<li test-id='43' class='node and pass' status='pass'>
			
			<b>And</b>
			
			<span class="bdd-step-name">And User clicks on the submit button</span>
				<div class='pre'>passed</div>
			
		</li>
		<li test-id='44' class='node then pass' status='pass'>
			
			<b>Then</b>
			
			<span class="bdd-step-name">Then User should close popup message</span>
				<div class='pre'>passed</div>
			
		</li>
		<li test-id='45' class='node and pass' status='pass'>
			
			<b>And</b>
			
			<span class="bdd-step-name">And User should land on home page</span>
				<div class='pre'>passed</div>
			
		</li>
	</ul>
</div>
					</div>
				</li>
			</ul>
		</div>
	</div>
	<!-- subview left -->

	<div class='subview-right left'>
		<div class='view-summary'>
			<h5 class='test-name'></h5>

			<div id='step-filters' class="right">
				<span class="blue-text" status="info" alt="info" title="info"><i class="material-icons">info_outline</i></span>
				<span class="green-text" status="pass" alt="pass" title="pass"><i class="material-icons">check_circle</i></span>
				<span class="red-text" status="fail" alt="fail" title="fail"><i class="material-icons">cancel</i></span>
				<span class="red-text text-darken-4" status="fatal" alt="fatal" title="fatal"><i class="material-icons">cancel</i></span>
				<span class="pink-text text-lighten-1" status="error" alt="error" title="error"><i class="material-icons">error</i></span>
				<span class="orange-text" alt="warning" status="warning" title="warning"><i class="material-icons">warning</i></span>
				<span class="teal-text" status="skip" alt="skip" title="skip"><i class="material-icons">redo</i></span>
				<span status="clear" alt="Clear filters" title="Clear filters"><i class="material-icons">clear</i></span>
			</div>
		</div>
	</div>
	<!-- subview right -->

</div>
<!-- test view -->
<!-- category view -->
<div id='exception-view' class='view hide'>

    <section id='controls'>
        <div class='controls grey lighten-4'>
            <!-- search -->
            <div class='chip transparent' alt='Search Tests' title='Search Tests'>
                <a href="#" class='search-div'>
                    <i class='material-icons'>search</i> Search
                </a>

                <div class='input-field left hide'>
                    <input id='search-tests' type='text' class='validate browser-default' placeholder='Search Tests...'>
                </div>

            </div>
            <!-- search -->
        </div>
    </section>

    <div class='subview-left left'>

        <div class='view-summary'>
            <h5>Exceptions</h3>
                <ul id='exception-collection' class='exception-collection'>

                        <li class='exception displayed active'>
                            <div class='exception-heading'>
                                <span class='exception-name'>java.lang.AssertionError</span>
                                <span class='exception-count right'><span class='label red lighten-1 white-text'>3</span></span>
                            </div>
                            <div class='exception-content hide'>
                                <div class='exception-tests'>
                                    <table class='bordered table-results'>
                                        <thead>
                                        <tr>
                                            <th>Timestamp</th>
                                            <th>TestName</th>
                                            <th>Status</th>
                                        </tr>
                                        </thead>
                                        <tbody>
                                                    <tr>
                                                        <td>Jul 7, 2019 03:31:33 PM</td>
                                                        <td class='linked' test-id='11'>New user registration functionality tests.User successfully registers to check24 web page.Then User should close popup message</td>
                                                        <td><pre><pre>java.lang.AssertionError: Unable to Action Move and Click on the WebElement, Exception: Expected condition failed: waiting for element to be clickable: Proxy element for: DefaultElementLocator 'By.xpath: //*[@id="c24-dialog-points-modal"]/div/header/button' (tried for 15 second(s) with 500 milliseconds interval)
	at org.junit.Assert.fail(Assert.java:88)
	at pageObjects.BasePage.actionMoveAndClick(BasePage.java:148)
	at pageObjects.Home_Page.close_welcome_popup(Home_Page.java:31)
	at stepDefinitions.New_RegistrationSteps.user_should_close_popup_message(New_RegistrationSteps.java:47)
	at ?.Then User should close popup message(src/test/java/resources/features/new_registiration.feature:22)
</pre></pre></td>
                                                    </tr>
                                                    <tr>
                                                        <td>Jul 7, 2019 03:31:59 PM</td>
                                                        <td class='linked' test-id='20'>New user registration functionality tests.Invalid Registration when entering very short password.Then User should be notified with "Das Passwort sollte zwischen 6 und 50 Zeichen lang sein." on password error</td>
                                                        <td><pre><textarea>java.lang.AssertionError: expected [[[ChromeDriver: chrome on XP (cd6da092d1ec2c90ded4780c24d8db97)] -> xpath: //*[@id="register"]/div[3]/div[3]/div[1]]] but found [Das Passwort sollte zwischen 6 und 50 Zeichen lang sein.]
	at org.testng.Assert.fail(Assert.java:94)
	at org.testng.Assert.failNotEquals(Assert.java:513)
	at org.testng.Assert.assertEqualsImpl(Assert.java:135)
	at org.testng.Assert.assertEquals(Assert.java:116)
	at org.testng.Assert.assertEquals(Assert.java:179)
	at stepDefinitions.New_RegistrationSteps.user_should_be_notified_with_something_on_password_error(New_RegistrationSteps.java:83)
	at ?.Then User should be notified with "Das Passwort sollte zwischen 6 und 50 Zeichen lang sein." on password error(src/test/java/resources/features/new_registiration.feature:35)
</textarea></pre></td>
                                                    </tr>
                                                    <tr>
                                                        <td>Jul 7, 2019 03:32:11 PM</td>
                                                        <td class='linked' test-id='28'>New user registration functionality tests.Invalid Registration when password and repeating password do not match.Then User should be notified with "Die Passwörter stimmen nicht überein." on password error</td>
                                                        <td><pre><textarea>java.lang.AssertionError: expected [[[ChromeDriver: chrome on XP (e2cb120ee2674ff10eb2c486589f4cac)] -> xpath: //*[@id="register"]/div[3]/div[3]/div[1]]] but found [Die Passwörter stimmen nicht überein.]
	at org.testng.Assert.fail(Assert.java:94)
	at org.testng.Assert.failNotEquals(Assert.java:513)
	at org.testng.Assert.assertEqualsImpl(Assert.java:135)
	at org.testng.Assert.assertEquals(Assert.java:116)
	at org.testng.Assert.assertEquals(Assert.java:179)
	at stepDefinitions.New_RegistrationSteps.user_should_be_notified_with_something_on_password_error(New_RegistrationSteps.java:83)
	at ?.Then User should be notified with "Die Passwörter stimmen nicht überein." on password error(src/test/java/resources/features/new_registiration.feature:44)
</textarea></pre></td>
                                                    </tr>
                                        </tbody>
                                    </table>
                                </div>
                            </div>
                        </li>
                        <li class='exception displayed active'>
                            <div class='exception-heading'>
                                <span class='exception-name'>org.openqa.selenium.NoSuchElementException</span>
                                <span class='exception-count right'><span class='label red lighten-1 white-text'>1</span></span>
                            </div>
                            <div class='exception-content hide'>
                                <div class='exception-tests'>
                                    <table class='bordered table-results'>
                                        <thead>
                                        <tr>
                                            <th>Timestamp</th>
                                            <th>TestName</th>
                                            <th>Status</th>
                                        </tr>
                                        </thead>
                                        <tbody>
                                                    <tr>
                                                        <td>Jul 7, 2019 03:32:22 PM</td>
                                                        <td class='linked' test-id='36'>New user registration functionality tests.Invalid Registration when trying to use an invalid e-mail format.Then User should be notified with "Bitte geben Sie eine gültige E-Mail-Adresse an." on email error</td>
                                                        <td><pre><pre>org.openqa.selenium.NoSuchElementException: no such element: Unable to locate element: {"method":"xpath","selector":"//*[@id="register"]/div[2]/div[3]/div"}
  (Session info: chrome=75.0.3770.100)
For documentation on this error, please visit: http://seleniumhq.org/exceptions/no_such_element.html
Build info: version: '3.11.0', revision: 'e59cfb3', time: '2018-03-11T20:26:55.152Z'
System info: host: 'DESKTOP-U9KGDGS', ip: '10.254.127.12', os.name: 'Windows 10', os.arch: 'amd64', os.version: '10.0', java.version: '1.8.0_211'
Driver info: org.openqa.selenium.chrome.ChromeDriver
Capabilities {acceptInsecureCerts: false, browserName: chrome, browserVersion: 75.0.3770.100, chrome: {chromedriverVersion: 75.0.3770.8 (681f24ea911fe7..., userDataDir: C:\Users\musta\AppData\Loca...}, goog:chromeOptions: {debuggerAddress: localhost:51525}, javascriptEnabled: true, networkConnectionEnabled: false, pageLoadStrategy: normal, platform: XP, platformName: XP, proxy: Proxy(), setWindowRect: true, strictFileInteractability: false, timeouts: {implicit: 0, pageLoad: 300000, script: 30000}, unhandledPromptBehavior: dismiss and notify}
Session ID: 3bc1149bc6f89e7c109d007a3a508c62
*** Element info: {Using=xpath, value=//*[@id="register"]/div[2]/div[3]/div}
	at sun.reflect.GeneratedConstructorAccessor17.newInstance(Unknown Source)
	at sun.reflect.DelegatingConstructorAccessorImpl.newInstance(Unknown Source)
	at java.lang.reflect.Constructor.newInstance(Unknown Source)
	at org.openqa.selenium.remote.http.W3CHttpResponseCodec.createException(W3CHttpResponseCodec.java:187)
	at org.openqa.selenium.remote.http.W3CHttpResponseCodec.decode(W3CHttpResponseCodec.java:122)
	at org.openqa.selenium.remote.http.W3CHttpResponseCodec.decode(W3CHttpResponseCodec.java:49)
	at org.openqa.selenium.remote.HttpCommandExecutor.execute(HttpCommandExecutor.java:158)
	at org.openqa.selenium.remote.service.DriverCommandExecutor.execute(DriverCommandExecutor.java:83)
	at org.openqa.selenium.remote.RemoteWebDriver.execute(RemoteWebDriver.java:545)
	at org.openqa.selenium.remote.RemoteWebDriver.findElement(RemoteWebDriver.java:319)
	at org.openqa.selenium.remote.RemoteWebDriver.findElementByXPath(RemoteWebDriver.java:421)
	at org.openqa.selenium.By$ByXPath.findElement(By.java:361)
	at org.openqa.selenium.remote.RemoteWebDriver.findElement(RemoteWebDriver.java:311)
	at org.openqa.selenium.support.pagefactory.DefaultElementLocator.findElement(DefaultElementLocator.java:69)
	at org.openqa.selenium.support.pagefactory.internal.LocatingElementHandler.invoke(LocatingElementHandler.java:38)
	at com.sun.proxy.$Proxy23.getText(Unknown Source)
	at stepDefinitions.New_RegistrationSteps.user_should_be_notified_with_something_on_email_error(New_RegistrationSteps.java:78)
	at ?.Then User should be notified with "Bitte geben Sie eine gültige E-Mail-Adresse an." on email error(src/test/java/resources/features/new_registiration.feature:53)
</pre></pre></td>
                                                    </tr>
                                        </tbody>
                                    </table>
                                </div>
                            </div>
                        </li>
                </ul>
        </div>
    </div>

    <div class='subview-right left'>
        <div class='view-summary'>
            <h5 class='exception-name'></h5>
        </div>
    </div>
</div>
<!-- exception view -->
<div id='dashboard-view' class='view hide'>
	<div class='card-panel transparent np-v'>
		<h5>Dashboard</h5>

		<div class='row'>
			<div class='col s2'>
				<div class='card-panel r'>
					Features
					<div class='panel-lead'>1</div>
				</div>
			</div>
			<div class='col s2'>
				<div class='card-panel r'>
					Scenarios
					<div class='panel-lead'>5</div>
				</div>
			</div>
			<div class='col s2'>
				<div class='card-panel r'>
					Steps
					<div class='panel-lead'>39</div>
				</div>
			</div>
			<div class='col s2'>
				<div class='card-panel r'>
					Start
					<div class='panel-lead'>Jul 7, 2019 03:31:22 PM</div>
				</div>
			</div>
			<div class='col s2'>
				<div class='card-panel r'>
			 		End
			 		<div class='panel-lead'>Jul 7, 2019 03:32:39 PM</div>
				</div>
			</div>
			<div class='col s2'>
				<div class='card-panel r'>
					Time Taken
					<div class='panel-lead'>76,937ms</div>
				</div>
			</div>
		</div>
	</div>
</div>
<!-- dashboard view -->
<!-- testrunner-logs view -->
		</div>
		<!-- container -->

		<script>
			var statusGroup = {
				passParent: 0,
				failParent: 1,
				fatalParent: 0,
				errorParent: 0,
				warningParent: 0,
				skipParent: 0,
				exceptionsParent: 1,
				
				passChild: 1,
				failChild: 4,
				fatalChild: 0,
				errorChild: 0,
				warningChild: 0,
				skipChild: 0,
				infoChild: 0,
				exceptionsChild: 4,
				
				passGrandChild: 34,
				failGrandChild: 4,
				fatalGrandChild: 0,
				errorGrandChild: 0,
				warningGrandChild: 0,
				skipGrandChild: 1,
				infoGrandChild: 0,
				exceptionsGrandChild: 5,
			};
		</script>
		
			<script src='https://cdn.rawgit.com/anshooarora/extentreports-java/fca20fb7653aade98810546ab96a2a4360e3e712/dist/js/extent.js' type='text/javascript'></script>
		
		
 		<script type='text/javascript'>
 			
            
                $(document).ready(function() {
                    
                });
            
        
 		</script>
	</body>
	
</html>
