<?xml version="1.0" encoding="UTF-8"?>
<!-- Generated by org.testng.reporters.JUnitXMLReporter -->
<testsuite hostname="DESKTOP-U9KGDGS" name="Default test" tests="4" failures="0" timestamp="8 Jul 2019 08:48:23 GMT" time="681.164" errors="0">
  <testcase name="feature" time="87.882" classname="runners.MainRunner_Test"/>
  <testcase name="feature" time="334.484" classname="runners.MainRunner_Test"/>
  <testcase name="feature" time="166.752" classname="runners.MainRunner_Test"/>
  <testcase name="feature" time="91.386" classname="runners.MainRunner_Test"/>
</testsuite> <!-- Default test -->
