<?xml version="1.0" encoding="UTF-8"?>
<testng-results skipped="0" failed="0" total="1" passed="1">
  <reporter-output>
  </reporter-output>
  <suite name="Default suite" duration-ms="119708" started-at="2019-07-08T01:35:11Z" finished-at="2019-07-08T01:37:11Z">
    <groups>
      <group name="cucumber">
        <method signature="AbstractTestNGCucumberTests.feature(cucumber.api.testng.CucumberFeatureWrapper)[pri:0, instance:runners.New_Registration_Test@5cb9f472]" name="feature" class="cucumber.api.testng.AbstractTestNGCucumberTests"/>
      </group> <!-- cucumber -->
    </groups>
    <test name="Default test" duration-ms="119708" started-at="2019-07-08T01:35:11Z" finished-at="2019-07-08T01:37:11Z">
      <class name="runners.New_Registration_Test">
        <test-method status="PASS" signature="setUpClass()[pri:0, instance:runners.New_Registration_Test@5cb9f472]" name="setUpClass" is-config="true" duration-ms="190" started-at="2019-07-08T04:35:11Z" finished-at="2019-07-08T04:35:11Z">
          <reporter-output>
          </reporter-output>
        </test-method> <!-- setUpClass -->
        <test-method status="PASS" signature="feature(cucumber.api.testng.CucumberFeatureWrapper)[pri:0, instance:runners.New_Registration_Test@5cb9f472]" name="feature" duration-ms="119001" started-at="2019-07-08T04:35:11Z" description="Runs Cucumber Feature" data-provider="features" finished-at="2019-07-08T04:37:10Z">
          <params>
            <param index="0">
              <value>
                <![CDATA[New user registration functionality tests]]>
              </value>
            </param>
          </params>
          <reporter-output>
          </reporter-output>
        </test-method> <!-- feature -->
        <test-method status="PASS" signature="writeExtentReport()[pri:0, instance:runners.New_Registration_Test@5cb9f472]" name="writeExtentReport" is-config="true" duration-ms="51" started-at="2019-07-08T04:37:10Z" finished-at="2019-07-08T04:37:10Z">
          <reporter-output>
          </reporter-output>
        </test-method> <!-- writeExtentReport -->
        <test-method status="PASS" signature="tearDownClass()[pri:0, instance:runners.New_Registration_Test@5cb9f472]" name="tearDownClass" is-config="true" duration-ms="395" started-at="2019-07-08T04:37:10Z" finished-at="2019-07-08T04:37:11Z">
          <reporter-output>
          </reporter-output>
        </test-method> <!-- tearDownClass -->
      </class> <!-- runners.New_Registration_Test -->
    </test> <!-- Default test -->
  </suite> <!-- Default suite -->
</testng-results>
